<?xml version="1.0" encoding="UTF-8"?>
<!-- Generated by org.testng.reporters.JUnitXMLReporter -->
<testsuite hostname="DESKTOP-61LCEGE" ignored="0" name="Default test" tests="3" failures="0" timestamp="15 Sep 2019 12:31:37 GMT" time="49.906" errors="0">
  <testcase name="login" time="14.608" classname="extentReportPkg.FirstClassMavenWitReport"/>
  <testcase name="login" time="14.021" classname="extentReportPkg.FirstClassMavenWitReport"/>
  <testcase name="login" time="13.648" classname="extentReportPkg.FirstClassMavenWitReport"/>
</testsuite> <!-- Default test -->
