<?xml version="1.0" encoding="UTF-8"?>
<testng-results skipped="0" failed="0" ignored="0" total="3" passed="3">
  <reporter-output>
  </reporter-output>
  <suite name="Default suite" duration-ms="49906" started-at="2019-09-15T12:30:47Z" finished-at="2019-09-15T12:31:36Z">
    <groups>
    </groups>
    <test name="Default test" duration-ms="49906" started-at="2019-09-15T12:30:47Z" finished-at="2019-09-15T12:31:36Z">
      <class name="extentReportPkg.FirstClassMavenWitReport">
        <test-method status="PASS" signature="browser()[pri:0, instance:extentReportPkg.FirstClassMavenWitReport@56aac163]" name="browser" is-config="true" duration-ms="5722" started-at="2019-09-15T12:30:47Z" finished-at="2019-09-15T12:30:52Z">
          <reporter-output>
          </reporter-output>
        </test-method> <!-- browser -->
        <test-method status="PASS" signature="login(java.lang.String, java.lang.String)[pri:0, instance:extentReportPkg.FirstClassMavenWitReport@56aac163]" name="login" duration-ms="14608" started-at="2019-09-15T12:30:52Z" data-provider="testData" finished-at="2019-09-15T12:31:07Z">
          <params>
            <param index="0">
              <value>
                <![CDATA[demo@unicodetechnologies.in]]>
              </value>
            </param>
            <param index="1">
              <value>
                <![CDATA[unicode]]>
              </value>
            </param>
          </params>
          <reporter-output>
          </reporter-output>
        </test-method> <!-- login -->
        <test-method status="PASS" signature="login(java.lang.String, java.lang.String)[pri:0, instance:extentReportPkg.FirstClassMavenWitReport@56aac163]" name="login" duration-ms="14021" started-at="2019-09-15T12:31:07Z" data-provider="testData" finished-at="2019-09-15T12:31:21Z">
          <params>
            <param index="0">
              <value>
                <![CDATA[demo1@unicodetechnologies.in]]>
              </value>
            </param>
            <param index="1">
              <value>
                <![CDATA[unicode1]]>
              </value>
            </param>
          </params>
          <reporter-output>
          </reporter-output>
        </test-method> <!-- login -->
        <test-method status="PASS" signature="login(java.lang.String, java.lang.String)[pri:0, instance:extentReportPkg.FirstClassMavenWitReport@56aac163]" name="login" duration-ms="13648" started-at="2019-09-15T12:31:21Z" data-provider="testData" finished-at="2019-09-15T12:31:35Z">
          <params>
            <param index="0">
              <value>
                <![CDATA[demo2@unicodetechnologies.in]]>
              </value>
            </param>
            <param index="1">
              <value>
                <![CDATA[unicode2]]>
              </value>
            </param>
          </params>
          <reporter-output>
          </reporter-output>
        </test-method> <!-- login -->
        <test-method status="PASS" signature="closeBrowser()[pri:0, instance:extentReportPkg.FirstClassMavenWitReport@56aac163]" name="closeBrowser" is-config="true" duration-ms="1835" started-at="2019-09-15T12:31:35Z" finished-at="2019-09-15T12:31:36Z">
          <reporter-output>
          </reporter-output>
        </test-method> <!-- closeBrowser -->
      </class> <!-- extentReportPkg.FirstClassMavenWitReport -->
    </test> <!-- Default test -->
  </suite> <!-- Default suite -->
</testng-results>
